<?xml version="1.0" encoding="UTF-8"?>
<!-- Generated by org.testng.reporters.JUnitXMLReporter -->
<testsuite hostname="DESKTOP-2VGDDF5" ignored="0" name="Surefire test" tests="3" failures="0" timestamp="2022-05-10T15:39:39 IST" time="0.094" errors="0">
  <testcase name="createCustomerTest" time="0.009" classname="com.crm.practise.ContactTest"/>
  <testcase name="deleteCustomerTest" time="0.001" classname="com.crm.practise.ContactTest"/>
  <testcase name="modifyCustomerTest" time="0.001" classname="com.crm.practise.ContactTest"/>
</testsuite> <!-- Surefire test -->
