<?xml version="1.0" encoding="UTF-8"?>
<!-- Generated by org.testng.reporters.JUnitXMLReporter -->
<testsuite ignored="0" hostname="DESKTOP-2VGDDF5" failures="0" tests="3" name="Default test" time="0.133" errors="0" timestamp="2022-05-11T11:06:01 IST">
  <testcase classname="com.crm.Campaign.CampaignTest" name="createCampaignTest" time="0.017"/>
  <testcase classname="com.crm.Campaign.CampaignTest" name="deleteCampaignTest" time="0.005"/>
  <testcase classname="com.crm.Campaign.CampaignTest" name="modifyCampaignTest" time="0.003"/>
</testsuite> <!-- Default test -->
