<?xml version="1.0" encoding="UTF-8"?>
<!-- Generated by org.testng.reporters.JUnitXMLReporter -->
<testsuite ignored="0" hostname="DESKTOP-2VGDDF5" failures="0" tests="9" name="Test" time="0.151" errors="0" timestamp="2022-05-10T15:03:08 IST">
  <testcase classname="com.crm.practise.OrganizationTest" name="createOrgTest" time="0.013"/>
  <testcase classname="com.crm.practise.OrganizationTest" name="deleteOrgTest" time="0.002"/>
  <testcase classname="com.crm.practise.OrganizationTest" name="modifyOrgTest" time="0.004"/>
  <testcase classname="com.crm.Campaign.CampaignTest" name="createCampaignTest" time="0.003"/>
  <testcase classname="com.crm.Campaign.CampaignTest" name="deleteCampaignTest" time="0.003"/>
  <testcase classname="com.crm.Campaign.CampaignTest" name="modifyCampaignTest" time="0.005"/>
  <testcase classname="com.crm.practise.ContactTest" name="createCustomerTest" time="0.003"/>
  <testcase classname="com.crm.practise.ContactTest" name="deleteCustomerTest" time="0.003"/>
  <testcase classname="com.crm.practise.ContactTest" name="modifyCustomerTest" time="0.004"/>
</testsuite> <!-- Test -->
