<?xml version="1.0" encoding="UTF-8"?>
<!-- Generated by org.testng.reporters.JUnitXMLReporter -->
<testsuite hostname="DESKTOP-2VGDDF5" ignored="0" name="Test" tests="9" failures="0" timestamp="2022-05-10T16:01:09 IST" time="0.1" errors="0">
  <testcase name="createOrgTest" time="0.007" classname="com.crm.practise.OrganizationTest"/>
  <testcase name="deleteOrgTest" time="0.001" classname="com.crm.practise.OrganizationTest"/>
  <testcase name="modifyOrgTest" time="0.0" classname="com.crm.practise.OrganizationTest"/>
  <testcase name="createCampaignTest" time="0.0" classname="com.crm.Campaign.CampaignTest"/>
  <testcase name="deleteCampaignTest" time="0.0" classname="com.crm.Campaign.CampaignTest"/>
  <testcase name="modifyCampaignTest" time="0.001" classname="com.crm.Campaign.CampaignTest"/>
  <testcase name="createCustomerTest" time="0.001" classname="com.crm.practise.ContactTest"/>
  <testcase name="deleteCustomerTest" time="0.0" classname="com.crm.practise.ContactTest"/>
  <testcase name="modifyCustomerTest" time="0.0" classname="com.crm.practise.ContactTest"/>
</testsuite> <!-- Test -->
