<?xml version="1.0" encoding="UTF-8"?>
<!-- Generated by org.testng.reporters.JUnitReportReporter -->
<testsuite skipped="0" hostname="DESKTOP-2VGDDF5" name="com.crm.Campaign.CampaignTest" tests="3" failures="0" timestamp="2022-05-10T16:01:10 IST" time="0.001" errors="0">
  <testcase name="createCampaignTest" time="0.000" classname="com.crm.Campaign.CampaignTest"/>
  <system-out/>
  <testcase name="deleteCampaignTest" time="0.000" classname="com.crm.Campaign.CampaignTest"/>
  <system-out/>
  <testcase name="modifyCampaignTest" time="0.001" classname="com.crm.Campaign.CampaignTest"/>
  <system-out/>
</testsuite> <!-- com.crm.Campaign.CampaignTest -->
